<?xml version="1.0" encoding="UTF-8"?>
<testsuite xmlns:xsi="http://www.w3.org/2001/XMLSchema-instance" xsi:noNamespaceSchemaLocation="https://maven.apache.org/surefire/maven-surefire-plugin/xsd/surefire-test-report-3.0.xsd" version="3.0" name="TestSuite" time="40.908" tests="6" errors="0" skipped="0" failures="0">
  <properties>
[...]
</properties>
  <testcase name="getTitle" classname="X.Testtitlegoogle" time="13.71">
    <system-out><![CDATA[Google
Google
]]></system-out>
    <system-err><![CDATA[Jun 10, 2023 12:42:10 PM org.openqa.selenium.remote.tracing.opentelemetry.OpenTelemetryTracer createTracer
INFO: Using OpenTelemetry for tracing
]]></system-err>
  </testcase>
  <testcase name="getTitle" classname="X.Testtitlegoogle" time="1.789"/>
  <testcase name="getTitle" classname="X.Testtitlegoogle" time="7.338">
    <system-out><![CDATA[Google
]]></system-out>
  </testcase>
  <testcase name="getTitle2" classname="X.Testtitlefacebook" time="6.547">
    <system-out><![CDATA[Facebook - log in or sign up
Facebook - log in or sign up
]]></system-out>
  </testcase>
  <testcase name="getTitle2" classname="X.Testtitlefacebook" time="6.791"/>
  <testcase name="getTitle2" classname="X.Testtitlefacebook" time="16.911">
    <system-out><![CDATA[Facebook – log in or sign up
]]></system-out>
  </testcase>
</testsuite>