<?xml version="1.0" encoding="UTF-8"?>
<testng-results ignored="0" total="6" passed="6" failed="0" skipped="0">
  <reporter-output>
  </reporter-output>
  <suite started-at="2023-06-10T12:42:10 IST" name="Suite" finished-at="2023-06-10T12:42:50 IST" duration-ms="39832">
    <groups>
    </groups>
    <test started-at="2023-06-10T12:42:10 IST" name="Test-0" finished-at="2023-06-10T12:42:39 IST" duration-ms="29468">
      <class name="X.Testtitlegoogle">
        <test-method signature="getTitle()[pri:0, instance:X.Testtitlegoogle@68105edc]" started-at="2023-06-10T12:42:10 IST" name="getTitle" finished-at="2023-06-10T12:42:23 IST" duration-ms="12534" status="PASS">
          <reporter-output>
          </reporter-output>
        </test-method> <!-- getTitle -->
      </class> <!-- X.Testtitlegoogle -->
      <class name="X.Testtitlefacebook">
        <test-method signature="getTitle2()[pri:0, instance:X.Testtitlefacebook@27494e46]" started-at="2023-06-10T12:42:25 IST" name="getTitle2" finished-at="2023-06-10T12:42:36 IST" duration-ms="10993" status="PASS">
          <reporter-output>
          </reporter-output>
        </test-method> <!-- getTitle2 -->
      </class> <!-- X.Testtitlefacebook -->
    </test> <!-- Test-0 -->
    <test started-at="2023-06-10T12:42:10 IST" name="Test-1" finished-at="2023-06-10T12:42:40 IST" duration-ms="29712">
      <class name="X.Testtitlegoogle">
        <test-method signature="getTitle()[pri:0, instance:X.Testtitlegoogle@4fa06f52]" started-at="2023-06-10T12:42:10 IST" name="getTitle" finished-at="2023-06-10T12:42:21 IST" duration-ms="10844" status="PASS">
          <reporter-output>
          </reporter-output>
        </test-method> <!-- getTitle -->
      </class> <!-- X.Testtitlegoogle -->
      <class name="X.Testtitlefacebook">
        <test-method signature="getTitle2()[pri:0, instance:X.Testtitlefacebook@602c4656]" started-at="2023-06-10T12:42:24 IST" name="getTitle2" finished-at="2023-06-10T12:42:37 IST" duration-ms="13005" status="PASS">
          <reporter-output>
          </reporter-output>
        </test-method> <!-- getTitle2 -->
      </class> <!-- X.Testtitlefacebook -->
    </test> <!-- Test-1 -->
    <test started-at="2023-06-10T12:42:10 IST" name="Test-2" finished-at="2023-06-10T12:42:50 IST" duration-ms="39832">
      <class name="X.Testtitlegoogle">
        <test-method signature="getTitle()[pri:0, instance:X.Testtitlegoogle@3c443976]" started-at="2023-06-10T12:42:10 IST" name="getTitle" finished-at="2023-06-10T12:42:30 IST" duration-ms="19951" status="PASS">
          <reporter-output>
          </reporter-output>
        </test-method> <!-- getTitle -->
      </class> <!-- X.Testtitlegoogle -->
      <class name="X.Testtitlefacebook">
        <test-method signature="getTitle2()[pri:0, instance:X.Testtitlefacebook@3e58d65e]" started-at="2023-06-10T12:42:33 IST" name="getTitle2" finished-at="2023-06-10T12:42:47 IST" duration-ms="13877" status="PASS">
          <reporter-output>
          </reporter-output>
        </test-method> <!-- getTitle2 -->
      </class> <!-- X.Testtitlefacebook -->
    </test> <!-- Test-2 -->
  </suite> <!-- Suite -->
</testng-results>
