<?xml version="1.0" encoding="UTF-8"?>
<testng-results ignored="0" total="1" passed="1" failed="0" skipped="0">
  <reporter-output>
  </reporter-output>
  <suite started-at="2023-06-10T11:54:21 IST" name="Suite" finished-at="2023-06-10T11:54:29 IST" duration-ms="8086">
    <groups>
    </groups>
    <test started-at="2023-06-10T11:54:21 IST" name="Test" finished-at="2023-06-10T11:54:29 IST" duration-ms="8086">
      <class name="X.Testtitlegoogle">
        <test-method signature="getTitle()[pri:0, instance:X.Testtitlegoogle@565b064f]" started-at="2023-06-10T11:54:21 IST" name="getTitle" finished-at="2023-06-10T11:54:29 IST" duration-ms="8016" status="PASS">
          <reporter-output>
          </reporter-output>
        </test-method> <!-- getTitle -->
      </class> <!-- X.Testtitlegoogle -->
    </test> <!-- Test -->
  </suite> <!-- Suite -->
</testng-results>
